c:\users\administrator\onedrive\linuxswap\encryprion\vs\project1\project1\debug\vc120.pdb
c:\users\administrator\onedrive\linuxswap\encryprion\vs\project1\project1\debug\vc120.idb
c:\users\administrator\onedrive\linuxswap\encryprion\vs\project1\project1\debug\main.obj
c:\users\administrator\onedrive\linuxswap\encryprion\vs\project1\project1\debug\source.obj
c:\users\administrator\onedrive\linuxswap\encryprion\vs\project1\debug\project1.pdb
c:\users\administrator\onedrive\linuxswap\encryprion\vs\project1\project1\debug\project1.tlog\cl.command.1.tlog
c:\users\administrator\onedrive\linuxswap\encryprion\vs\project1\project1\debug\project1.tlog\cl.read.1.tlog
c:\users\administrator\onedrive\linuxswap\encryprion\vs\project1\project1\debug\project1.tlog\cl.write.1.tlog
c:\users\administrator\onedrive\linuxswap\encryprion\vs\project1\project1\debug\project1.tlog\link-cvtres.read.1.tlog
c:\users\administrator\onedrive\linuxswap\encryprion\vs\project1\project1\debug\project1.tlog\link-cvtres.write.1.tlog
c:\users\administrator\onedrive\linuxswap\encryprion\vs\project1\project1\debug\project1.tlog\link-rc.read.1.tlog
c:\users\administrator\onedrive\linuxswap\encryprion\vs\project1\project1\debug\project1.tlog\link-rc.write.1.tlog
c:\users\administrator\onedrive\linuxswap\encryprion\vs\project1\project1\debug\project1.tlog\link.14396-cvtres.read.1.tlog
c:\users\administrator\onedrive\linuxswap\encryprion\vs\project1\project1\debug\project1.tlog\link.14396-cvtres.write.1.tlog
c:\users\administrator\onedrive\linuxswap\encryprion\vs\project1\project1\debug\project1.tlog\link.14396-rc.read.1.tlog
c:\users\administrator\onedrive\linuxswap\encryprion\vs\project1\project1\debug\project1.tlog\link.14396-rc.write.1.tlog
c:\users\administrator\onedrive\linuxswap\encryprion\vs\project1\project1\debug\project1.tlog\link.14396.read.1.tlog
c:\users\administrator\onedrive\linuxswap\encryprion\vs\project1\project1\debug\project1.tlog\link.14396.write.1.tlog
c:\users\administrator\onedrive\linuxswap\encryprion\vs\project1\project1\debug\project1.tlog\link.command.1.tlog
c:\users\administrator\onedrive\linuxswap\encryprion\vs\project1\project1\debug\project1.tlog\link.read.1.tlog
c:\users\administrator\onedrive\linuxswap\encryprion\vs\project1\project1\debug\project1.tlog\link.write.1.tlog
